<?xml version="1.0" encoding="UTF-8"?>
<coverage generated="1540174654548" clover="3.2.0">
  <project timestamp="1540174654548" name="All files">
    <metrics statements="50" coveredstatements="48" conditionals="20" coveredconditionals="18" methods="14" coveredmethods="13" elements="84" coveredelements="79" complexity="0" loc="50" ncloc="50" packages="1" files="1" classes="1">
      <file name="markov.js" path="/Users/shaun.wild/Workspace/MarkovBot/app/markov.js">
        <metrics statements="50" coveredstatements="48" conditionals="20" coveredconditionals="18" methods="14" coveredmethods="13"/>
        <line num="1" count="1" type="stmt"/>
        <line num="3" count="1" type="stmt"/>
        <line num="5" count="1" type="stmt"/>
        <line num="7" count="1" type="stmt"/>
        <line num="9" count="1" type="stmt"/>
        <line num="11" count="3" type="stmt"/>
        <line num="13" count="3" type="stmt"/>
        <line num="14" count="6" type="stmt"/>
        <line num="16" count="6" type="cond" truecount="2" falsecount="0"/>
        <line num="17" count="3" type="stmt"/>
        <line num="20" count="6" type="stmt"/>
        <line num="22" count="6" type="stmt"/>
        <line num="24" count="6" type="stmt"/>
        <line num="26" count="6" type="stmt"/>
        <line num="27" count="6" type="stmt"/>
        <line num="28" count="6" type="stmt"/>
        <line num="30" count="6" type="stmt"/>
        <line num="31" count="6" type="stmt"/>
        <line num="32" count="6" type="stmt"/>
        <line num="36" count="3" type="cond" truecount="1" falsecount="1"/>
        <line num="37" count="3" type="stmt"/>
        <line num="39" count="1" type="stmt"/>
        <line num="41" count="1" type="stmt"/>
        <line num="42" count="9" type="cond" truecount="2" falsecount="0"/>
        <line num="44" count="2" type="cond" truecount="2" falsecount="0"/>
        <line num="45" count="2" type="stmt"/>
        <line num="48" count="1" type="stmt"/>
        <line num="55" count="1" type="stmt"/>
        <line num="57" count="1" type="cond" truecount="1" falsecount="1"/>
        <line num="58" count="1" type="stmt"/>
        <line num="60" count="0" type="stmt"/>
        <line num="63" count="1" type="stmt"/>
        <line num="67" count="0" type="stmt"/>
        <line num="71" count="3" type="stmt"/>
        <line num="81" count="6" type="cond" truecount="2" falsecount="0"/>
        <line num="82" count="3" type="stmt"/>
        <line num="83" count="3" type="stmt"/>
        <line num="86" count="6" type="stmt"/>
        <line num="90" count="12" type="stmt"/>
        <line num="98" count="18" type="cond" truecount="2" falsecount="0"/>
        <line num="99" count="9" type="stmt"/>
        <line num="102" count="33" type="cond" truecount="2" falsecount="0"/>
        <line num="104" count="18" type="cond" truecount="2" falsecount="0"/>
        <line num="105" count="6" type="stmt"/>
        <line num="107" count="12" type="stmt"/>
        <line num="108" count="12" type="stmt"/>
        <line num="109" count="12" type="stmt"/>
        <line num="114" count="18" type="cond" truecount="2" falsecount="0"/>
        <line num="115" count="9" type="stmt"/>
        <line num="120" count="3" type="stmt"/>
      </file>
    </metrics>
  </project>
</coverage>
