{"/Users/shaun.wild/Workspace/MarkovBot/app/markov.js": {"path":"/Users/shaun.wild/Workspace/MarkovBot/app/markov.js","statementMap":{"0":{"start":{"line":1,"column":11},"end":{"line":1,"column":24}},"1":{"start":{"line":3,"column":19},"end":{"line":3,"column":27}},"2":{"start":{"line":5,"column":14},"end":{"line":5,"column":16}},"3":{"start":{"line":7,"column":0},"end":{"line":7,"column":6}},"4":{"start":{"line":9,"column":0},"end":{"line":52,"column":1}},"5":{"start":{"line":11,"column":23},"end":{"line":11,"column":42}},"6":{"start":{"line":13,"column":8},"end":{"line":33,"column":10}},"7":{"start":{"line":14,"column":31},"end":{"line":14,"column":59}},"8":{"start":{"line":16,"column":12},"end":{"line":18,"column":13}},"9":{"start":{"line":17,"column":16},"end":{"line":17,"column":39}},"10":{"start":{"line":20,"column":12},"end":{"line":21,"column":51}},"11":{"start":{"line":22,"column":12},"end":{"line":22,"column":49}},"12":{"start":{"line":24,"column":30},"end":{"line":24,"column":47}},"13":{"start":{"line":26,"column":35},"end":{"line":26,"column":96}},"14":{"start":{"line":27,"column":38},"end":{"line":27,"column":102}},"15":{"start":{"line":28,"column":36},"end":{"line":28,"column":98}},"16":{"start":{"line":30,"column":12},"end":{"line":30,"column":39}},"17":{"start":{"line":31,"column":12},"end":{"line":31,"column":42}},"18":{"start":{"line":32,"column":12},"end":{"line":32,"column":40}},"19":{"start":{"line":36,"column":25},"end":{"line":36,"column":77}},"20":{"start":{"line":36,"column":58},"end":{"line":36,"column":76}},"21":{"start":{"line":37,"column":27},"end":{"line":37,"column":73}},"22":{"start":{"line":37,"column":64},"end":{"line":37,"column":71}},"23":{"start":{"line":39,"column":21},"end":{"line":39,"column":33}},"24":{"start":{"line":41,"column":8},"end":{"line":49,"column":9}},"25":{"start":{"line":42,"column":30},"end":{"line":42,"column":107}},"26":{"start":{"line":42,"column":95},"end":{"line":42,"column":105}},"27":{"start":{"line":44,"column":12},"end":{"line":46,"column":13}},"28":{"start":{"line":45,"column":16},"end":{"line":45,"column":56}},"29":{"start":{"line":45,"column":39},"end":{"line":45,"column":45}},"30":{"start":{"line":48,"column":12},"end":{"line":48,"column":46}},"31":{"start":{"line":55,"column":23},"end":{"line":55,"column":47}},"32":{"start":{"line":57,"column":4},"end":{"line":61,"column":5}},"33":{"start":{"line":58,"column":8},"end":{"line":58,"column":68}},"34":{"start":{"line":60,"column":8},"end":{"line":60,"column":45}},"35":{"start":{"line":63,"column":4},"end":{"line":63,"column":34}},"36":{"start":{"line":67,"column":4},"end":{"line":67,"column":58}},"37":{"start":{"line":71,"column":4},"end":{"line":77,"column":5}},"38":{"start":{"line":81,"column":4},"end":{"line":84,"column":5}},"39":{"start":{"line":82,"column":23},"end":{"line":82,"column":45}},"40":{"start":{"line":83,"column":8},"end":{"line":83,"column":28}},"41":{"start":{"line":86,"column":4},"end":{"line":86,"column":22}},"42":{"start":{"line":90,"column":4},"end":{"line":94,"column":5}},"43":{"start":{"line":98,"column":4},"end":{"line":100,"column":5}},"44":{"start":{"line":99,"column":8},"end":{"line":99,"column":25}},"45":{"start":{"line":102,"column":31},"end":{"line":102,"column":86}},"46":{"start":{"line":102,"column":57},"end":{"line":102,"column":85}},"47":{"start":{"line":104,"column":4},"end":{"line":110,"column":5}},"48":{"start":{"line":105,"column":8},"end":{"line":105,"column":33}},"49":{"start":{"line":107,"column":27},"end":{"line":107,"column":53}},"50":{"start":{"line":108,"column":8},"end":{"line":108,"column":40}},"51":{"start":{"line":109,"column":8},"end":{"line":109,"column":25}},"52":{"start":{"line":114,"column":4},"end":{"line":116,"column":5}},"53":{"start":{"line":115,"column":8},"end":{"line":115,"column":24}},"54":{"start":{"line":120,"column":4},"end":{"line":120,"column":58}}},"fnMap":{"0":{"name":"(anonymous_0)","decl":{"start":{"line":13,"column":23},"end":{"line":13,"column":24}},"loc":{"start":{"line":13,"column":41},"end":{"line":33,"column":9}},"line":13},"1":{"name":"(anonymous_1)","decl":{"start":{"line":36,"column":53},"end":{"line":36,"column":54}},"loc":{"start":{"line":36,"column":58},"end":{"line":36,"column":76}},"line":36},"2":{"name":"(anonymous_2)","decl":{"start":{"line":37,"column":59},"end":{"line":37,"column":60}},"loc":{"start":{"line":37,"column":64},"end":{"line":37,"column":71}},"line":37},"3":{"name":"(anonymous_3)","decl":{"start":{"line":42,"column":90},"end":{"line":42,"column":91}},"loc":{"start":{"line":42,"column":95},"end":{"line":42,"column":105}},"line":42},"4":{"name":"(anonymous_4)","decl":{"start":{"line":45,"column":34},"end":{"line":45,"column":35}},"loc":{"start":{"line":45,"column":39},"end":{"line":45,"column":45}},"line":45},"5":{"name":"init","decl":{"start":{"line":54,"column":9},"end":{"line":54,"column":13}},"loc":{"start":{"line":54,"column":16},"end":{"line":64,"column":1}},"line":54},"6":{"name":"saveChains","decl":{"start":{"line":66,"column":9},"end":{"line":66,"column":19}},"loc":{"start":{"line":66,"column":22},"end":{"line":68,"column":1}},"line":66},"7":{"name":"createChainEntry","decl":{"start":{"line":70,"column":9},"end":{"line":70,"column":25}},"loc":{"start":{"line":70,"column":32},"end":{"line":78,"column":1}},"line":70},"8":{"name":"getOrCreateChainEntry","decl":{"start":{"line":80,"column":9},"end":{"line":80,"column":30}},"loc":{"start":{"line":80,"column":37},"end":{"line":87,"column":1}},"line":80},"9":{"name":"createFollowedBy","decl":{"start":{"line":89,"column":9},"end":{"line":89,"column":25}},"loc":{"start":{"line":89,"column":36},"end":{"line":95,"column":1}},"line":89},"10":{"name":"getOrCreateFollowedBy","decl":{"start":{"line":97,"column":9},"end":{"line":97,"column":30}},"loc":{"start":{"line":97,"column":58},"end":{"line":111,"column":1}},"line":97},"11":{"name":"(anonymous_11)","decl":{"start":{"line":102,"column":52},"end":{"line":102,"column":53}},"loc":{"start":{"line":102,"column":57},"end":{"line":102,"column":85}},"line":102},"12":{"name":"pushIfNotExist","decl":{"start":{"line":113,"column":9},"end":{"line":113,"column":23}},"loc":{"start":{"line":113,"column":37},"end":{"line":117,"column":1}},"line":113},"13":{"name":"randomArrayItem","decl":{"start":{"line":119,"column":9},"end":{"line":119,"column":24}},"loc":{"start":{"line":119,"column":32},"end":{"line":121,"column":1}},"line":119}},"branchMap":{"0":{"loc":{"start":{"line":16,"column":12},"end":{"line":18,"column":13}},"type":"if","locations":[{"start":{"line":16,"column":12},"end":{"line":18,"column":13}},{"start":{"line":16,"column":12},"end":{"line":18,"column":13}}],"line":16},"1":{"loc":{"start":{"line":44,"column":12},"end":{"line":46,"column":13}},"type":"if","locations":[{"start":{"line":44,"column":12},"end":{"line":46,"column":13}},{"start":{"line":44,"column":12},"end":{"line":46,"column":13}}],"line":44},"2":{"loc":{"start":{"line":57,"column":4},"end":{"line":61,"column":5}},"type":"if","locations":[{"start":{"line":57,"column":4},"end":{"line":61,"column":5}},{"start":{"line":57,"column":4},"end":{"line":61,"column":5}}],"line":57},"3":{"loc":{"start":{"line":81,"column":4},"end":{"line":84,"column":5}},"type":"if","locations":[{"start":{"line":81,"column":4},"end":{"line":84,"column":5}},{"start":{"line":81,"column":4},"end":{"line":84,"column":5}}],"line":81},"4":{"loc":{"start":{"line":98,"column":4},"end":{"line":100,"column":5}},"type":"if","locations":[{"start":{"line":98,"column":4},"end":{"line":100,"column":5}},{"start":{"line":98,"column":4},"end":{"line":100,"column":5}}],"line":98},"5":{"loc":{"start":{"line":102,"column":57},"end":{"line":102,"column":85}},"type":"binary-expr","locations":[{"start":{"line":102,"column":57},"end":{"line":102,"column":67}},{"start":{"line":102,"column":71},"end":{"line":102,"column":85}}],"line":102},"6":{"loc":{"start":{"line":104,"column":4},"end":{"line":110,"column":5}},"type":"if","locations":[{"start":{"line":104,"column":4},"end":{"line":110,"column":5}},{"start":{"line":104,"column":4},"end":{"line":110,"column":5}}],"line":104},"7":{"loc":{"start":{"line":114,"column":4},"end":{"line":116,"column":5}},"type":"if","locations":[{"start":{"line":114,"column":4},"end":{"line":116,"column":5}},{"start":{"line":114,"column":4},"end":{"line":116,"column":5}}],"line":114}},"s":{"0":1,"1":1,"2":1,"3":1,"4":1,"5":3,"6":3,"7":6,"8":6,"9":3,"10":6,"11":6,"12":6,"13":6,"14":6,"15":6,"16":6,"17":6,"18":6,"19":1,"20":3,"21":1,"22":3,"23":1,"24":1,"25":2,"26":9,"27":2,"28":1,"29":2,"30":1,"31":1,"32":1,"33":0,"34":1,"35":1,"36":0,"37":3,"38":6,"39":3,"40":3,"41":6,"42":12,"43":18,"44":9,"45":18,"46":33,"47":18,"48":6,"49":12,"50":12,"51":12,"52":18,"53":9,"54":3},"f":{"0":6,"1":3,"2":3,"3":9,"4":2,"5":1,"6":0,"7":3,"8":6,"9":12,"10":18,"11":33,"12":18,"13":3},"b":{"0":[3,3],"1":[1,1],"2":[0,1],"3":[3,3],"4":[9,9],"5":[33,9],"6":[6,12],"7":[9,9]},"_coverageSchema":"332fd63041d2c1bcb487cc26dd0d5f7d97098a6c","hash":"cdc3c06eeafe162679fcadad6f9353160c25c294"}
}
