TN:
SF:/Users/shaun.wild/Workspace/MarkovBot/app/markov.js
FN:13,(anonymous_0)
FN:36,(anonymous_1)
FN:37,(anonymous_2)
FN:42,(anonymous_3)
FN:45,(anonymous_4)
FN:54,init
FN:66,saveChains
FN:70,createChainEntry
FN:80,getOrCreateChainEntry
FN:89,createFollowedBy
FN:97,getOrCreateFollowedBy
FN:102,(anonymous_11)
FN:113,pushIfNotExist
FN:119,randomArrayItem
FNF:14
FNH:13
FNDA:6,(anonymous_0)
FNDA:3,(anonymous_1)
FNDA:3,(anonymous_2)
FNDA:9,(anonymous_3)
FNDA:2,(anonymous_4)
FNDA:1,init
FNDA:0,saveChains
FNDA:3,createChainEntry
FNDA:6,getOrCreateChainEntry
FNDA:12,createFollowedBy
FNDA:18,getOrCreateFollowedBy
FNDA:33,(anonymous_11)
FNDA:18,pushIfNotExist
FNDA:3,randomArrayItem
DA:1,1
DA:3,1
DA:5,1
DA:7,1
DA:9,1
DA:11,3
DA:13,3
DA:14,6
DA:16,6
DA:17,3
DA:20,6
DA:22,6
DA:24,6
DA:26,6
DA:27,6
DA:28,6
DA:30,6
DA:31,6
DA:32,6
DA:36,3
DA:37,3
DA:39,1
DA:41,1
DA:42,9
DA:44,2
DA:45,2
DA:48,1
DA:55,1
DA:57,1
DA:58,0
DA:60,1
DA:63,1
DA:67,0
DA:71,3
DA:81,6
DA:82,3
DA:83,3
DA:86,6
DA:90,12
DA:98,18
DA:99,9
DA:102,33
DA:104,18
DA:105,6
DA:107,12
DA:108,12
DA:109,12
DA:114,18
DA:115,9
DA:120,3
LF:50
LH:48
BRDA:16,0,0,3
BRDA:16,0,1,3
BRDA:44,1,0,1
BRDA:44,1,1,1
BRDA:57,2,0,0
BRDA:57,2,1,1
BRDA:81,3,0,3
BRDA:81,3,1,3
BRDA:98,4,0,9
BRDA:98,4,1,9
BRDA:102,5,0,33
BRDA:102,5,1,9
BRDA:104,6,0,6
BRDA:104,6,1,12
BRDA:114,7,0,9
BRDA:114,7,1,9
BRF:16
BRH:15
end_of_record
